\BOOKMARK [1][-]{section.1}{\376\377\000I\000n\000t\000r\000o\000d\000u\000c\000t\000i\000o\000n\000\040\000a\000n\000d\000\040\000m\000o\000t\000i\000v\000a\000t\000i\000o\000n}{}% 1
\BOOKMARK [1][-]{section.2}{\376\377\000D\000e\000r\000i\000v\000a\000t\000i\000o\000n\000\040\000o\000f\000\040\000t\000h\000e\000\040\000F\000o\000k\000k\000e\000r\040\023\000P\000l\000a\000n\000c\000k\000\040\000e\000q\000u\000a\000t\000i\000o\000n}{}% 2
\BOOKMARK [2][-]{subsection.2.1}{\376\377\000F\000r\000o\000m\000\040\000a\000\040\000l\000a\000t\000t\000i\000c\000e\000\040\000r\000a\000n\000d\000o\000m\000\040\000w\000a\000l\000k\000\040\000t\000o\000\040\000a\000\040\000P\000D\000E}{section.2}% 3
\BOOKMARK [2][-]{subsection.2.2}{\376\377\000S\000y\000m\000m\000e\000t\000r\000i\000c\000\040\000e\000x\000c\000l\000u\000s\000i\000o\000n\000\040\000a\000n\000d\000\040\000F\000i\000c\000k\000'\000s\000\040\000f\000o\000r\000m}{section.2}% 4
\BOOKMARK [2][-]{subsection.2.3}{\376\377\000T\000h\000e\000\040\000I\000t\000\364\000\040\000S\000D\000E\000\040\000a\000s\000s\000o\000c\000i\000a\000t\000e\000d\000\040\000w\000i\000t\000h\000\040\000F\000i\000c\000k\000'\000s\000\040\000F\000P\000E}{section.2}% 5
\BOOKMARK [2][-]{subsection.2.4}{\376\377\000D\000o\000m\000a\000i\000n\000\040\000a\000n\000d\000\040\000b\000o\000u\000n\000d\000a\000r\000y\000\040\000c\000o\000n\000d\000i\000t\000i\000o\000n\000s}{section.2}% 6
\BOOKMARK [1][-]{section.3}{\376\377\000B\000a\000c\000k\000w\000a\000r\000d\000\040\000e\000q\000u\000a\000t\000i\000o\000n\000,\000\040\000f\000l\000u\000x\000-\000j\000u\000m\000p\000\040\000c\000o\000n\000d\000i\000t\000i\000o\000n\000,\000\040\000a\000n\000d\000\040\000M\000F\000P\000T}{}% 7
\BOOKMARK [2][-]{subsection.3.1}{\376\377\000D\000e\000r\000i\000v\000a\000t\000i\000o\000n\000\040\000f\000r\000o\000m\000\040\000t\000h\000e\000\040\000s\000u\000r\000v\000i\000v\000a\000l\000\040\000p\000r\000o\000b\000a\000b\000i\000l\000i\000t\000y}{section.3}% 8
\BOOKMARK [2][-]{subsection.3.2}{\376\377\000F\000l\000u\000x\000-\000j\000u\000m\000p\000\040\000c\000o\000n\000d\000i\000t\000i\000o\000n\000\040\000a\000t\000\040\000t\000h\000e\000\040\000t\000r\000a\000p}{section.3}% 9
\BOOKMARK [2][-]{subsection.3.3}{\376\377\000C\000l\000o\000s\000e\000d\000-\000f\000o\000r\000m\000\040\000s\000o\000l\000u\000t\000i\000o\000n\000\040\000o\000f\000\040\000t\000h\000e\000\040\000b\000a\000c\000k\000w\000a\000r\000d\000\040\000e\000q\000u\000a\000t\000i\000o\000n}{section.3}% 10
\BOOKMARK [1][-]{section.4}{\376\377\000C\000a\000s\000e\000\040\000s\000t\000u\000d\000y\000:\000\040\000t\000h\000e\000\040\000t\000e\000n\000t\000\040\000\050\000p\000i\000e\000c\000e\000w\000i\000s\000e\000-\000l\000i\000n\000e\000a\000r\000\051\000\040\000p\000r\000o\000f\000i\000l\000e}{}% 11
\BOOKMARK [2][-]{subsection.4.1}{\376\377\000T\000h\000e\000\040\000p\000r\000o\000f\000i\000l\000e\000\040\000a\000n\000d\000\040\000i\000t\000s\000\040\000a\000l\000g\000e\000b\000r\000a\000i\000c\000\040\000p\000r\000o\000p\000e\000r\000t\000i\000e\000s}{section.4}% 12
\BOOKMARK [2][-]{subsection.4.2}{\376\377\000E\000x\000p\000l\000i\000c\000i\000t\000\040\000e\000v\000a\000l\000u\000a\000t\000i\000o\000n\000\040\000o\000f\000\040\000T\000\050\000x\000\051}{section.4}% 13
\BOOKMARK [2][-]{subsection.4.3}{\376\377\000S\000p\000a\000t\000i\000a\000l\000\040\000a\000v\000e\000r\000a\000g\000e\000\040\000<\000T\000>}{section.4}% 14
\BOOKMARK [1][-]{section.5}{\376\377\000T\000h\000r\000e\000e\000\040\000m\000i\000c\000r\000o\000s\000c\000o\000p\000i\000c\000\040\000s\000t\000o\000r\000i\000e\000s\000\040\000f\000o\000r\000\040\000k\000a\000p\000p\000a\000\050\000D\000\050\0000\000\051\000\051}{}% 15
\BOOKMARK [1][-]{section.6}{\376\377\000N\000u\000m\000e\000r\000i\000c\000a\000l\000\040\000m\000e\000t\000h\000o\000d\000s}{}% 16
\BOOKMARK [2][-]{subsection.6.1}{\376\377\000F\000i\000n\000i\000t\000e\000-\000d\000i\000f\000f\000e\000r\000e\000n\000c\000e\000\040\000s\000o\000l\000u\000t\000i\000o\000n\000\040\000o\000f\000\040\000t\000h\000e\000\040\000b\000a\000c\000k\000w\000a\000r\000d\000\040\000e\000q\000u\000a\000t\000i\000o\000n}{section.6}% 17
\BOOKMARK [2][-]{subsection.6.2}{\376\377\000C\000r\000a\000n\000k\040\023\000N\000i\000c\000o\000l\000s\000o\000n\000\040\000s\000o\000l\000u\000t\000i\000o\000n\000\040\000o\000f\000\040\000t\000h\000e\000\040\000f\000o\000r\000w\000a\000r\000d\000\040\000F\000P\000E}{section.6}% 18
\BOOKMARK [2][-]{subsection.6.3}{\376\377\000M\000o\000n\000t\000e\000\040\000C\000a\000r\000l\000o\000\040\000s\000i\000m\000u\000l\000a\000t\000i\000o\000n\000\040\000o\000f\000\040\000t\000h\000e\000\040\000I\000t\000\364\000\040\000S\000D\000E}{section.6}% 19
\BOOKMARK [1][-]{section.7}{\376\377\000R\000e\000s\000u\000l\000t\000s\000\040\000a\000n\000d\000\040\000d\000i\000s\000c\000u\000s\000s\000i\000o\000n}{}% 20
\BOOKMARK [2][-]{subsection.7.1}{\376\377\000A\000n\000a\000l\000y\000t\000i\000c\000a\000l\000\040\000c\000l\000o\000s\000e\000d\000\040\000f\000o\000r\000m\000\040\000v\000s\000.\000\040\000n\000u\000m\000e\000r\000i\000c\000a\000l\000\040\000q\000u\000a\000d\000r\000a\000t\000u\000r\000e}{section.7}% 21
\BOOKMARK [2][-]{subsection.7.2}{\376\377\000B\000a\000c\000k\000w\000a\000r\000d\000\040\000e\000q\000u\000a\000t\000i\000o\000n\000\040\000c\000o\000n\000v\000e\000r\000g\000e\000n\000c\000e}{section.7}% 22
\BOOKMARK [2][-]{subsection.7.3}{\376\377\000F\000o\000r\000w\000a\000r\000d\000\040\000F\000o\000k\000k\000e\000r\040\023\000P\000l\000a\000n\000c\000k\000\040\000e\000q\000u\000a\000t\000i\000o\000n\000\040\000a\000n\000d\000\040\000s\000u\000r\000v\000i\000v\000a\000l\000\040\000p\000r\000o\000b\000a\000b\000i\000l\000i\000t\000i\000e\000s}{section.7}% 23
\BOOKMARK [2][-]{subsection.7.4}{\376\377\000M\000o\000n\000t\000e\000\040\000C\000a\000r\000l\000o\000\040\000s\000i\000m\000u\000l\000a\000t\000i\000o\000n\000\040\000o\000f\000\040\000t\000h\000e\000\040\000I\000t\000\364\000\040\000S\000D\000E}{section.7}% 24
\BOOKMARK [2][-]{subsection.7.5}{\376\377\000C\000o\000m\000b\000i\000n\000e\000d\000\040\000c\000o\000m\000p\000a\000r\000i\000s\000o\000n\000\040\000o\000f\000\040\000t\000h\000e\000\040\000t\000h\000r\000e\000e\000\040\000m\000e\000t\000h\000o\000d\000s}{section.7}% 25
\BOOKMARK [2][-]{subsection.7.6}{\376\377\000O\000p\000t\000i\000m\000u\000m\000\040\000i\000n\000\040\000t\000h\000e\000\040\000k\000a\000p\000p\000a\000=\000k\000a\000p\000p\000a\0000\000/\000D\000\050\0000\000\051\000\040\000s\000t\000o\000r\000y}{section.7}% 26
\BOOKMARK [2][-]{subsection.7.7}{\376\377\000R\000o\000b\000u\000s\000t\000n\000e\000s\000s\000\040\000a\000n\000d\000\040\000c\000a\000v\000e\000a\000t\000s}{section.7}% 27
\BOOKMARK [1][-]{section.8}{\376\377\000C\000o\000n\000c\000l\000u\000s\000i\000o\000n\000s}{}% 28
